    OpenRGB v0.9
    Commit:  from 
    Launched: 20250425_154830
====================================================================================================

0     |Info:    Found file: off.orp attempting to validate header
0     |Info:    Valid v4 profile found for off
1004  |Info:    ------------------------------------------------------
1004  |Info:    |               Start device detection               |
1004  |Info:    ------------------------------------------------------
1005  |Info:    Initializing HID interfaces: Success
1012  |Info:    ------------------------------------------------------
1012  |Info:    |             Detecting I2C interfaces               |
1012  |Info:    ------------------------------------------------------
1013  |Info:    Registering I2C interface: /dev/i2c-3 Device 8086:A7A0 Subsystem: 1043:214D
1013  |Info:    Registering I2C interface: /dev/i2c-10 Device 8086:A7A0 Subsystem: 1043:214D
1013  |Info:    Registering I2C interface: /dev/i2c-1 Device 10DE:28E1 Subsystem: 1043:214D
1013  |Info:    Registering I2C interface: /dev/i2c-17 Device 0000:0000 Subsystem: 0000:0000
1013  |Info:    Registering I2C interface: /dev/i2c-8 Device 8086:A7A0 Subsystem: 1043:214D
1013  |Info:    Registering I2C interface: /dev/i2c-ELAN9008:00 Device 0000:0000 Subsystem: 0000:0000
1013  |Info:    Registering I2C interface: /dev/i2c-6 Device 8086:A7A0 Subsystem: 1043:214D
1013  |Warning: [i2c_smbus_linux] Failed to read i2c device PCI device ID
1014  |Info:    Registering I2C interface: /dev/i2c-13 Device 0000:0000 Subsystem: 0000:0000
1014  |Info:    Registering I2C interface: /dev/i2c-4 Device 8086:A7A0 Subsystem: 1043:214D
1014  |Info:    Registering I2C interface: /dev/i2c-11 Device 8086:A7A0 Subsystem: 1043:214D
1014  |Info:    Registering I2C interface: /dev/i2c-2 Device 10DE:28E1 Subsystem: 1043:214D
1014  |Info:    Registering I2C interface: /dev/i2c-0 Device 10DE:28E1 Subsystem: 1043:214D
1014  |Info:    Registering I2C interface: /dev/i2c-18 Device 0000:0000 Subsystem: 0000:0000
1014  |Info:    Registering I2C interface: /dev/i2c-9 Device 8086:A7A0 Subsystem: 1043:214D
1014  |Info:    Registering I2C interface: /dev/i2c-OVTI13B1:00 Device 0000:0000 Subsystem: 0000:0000
1014  |Info:    Registering I2C interface: /dev/i2c-7 Device 8086:A7A0 Subsystem: 1043:214D
1014  |Warning: [i2c_smbus_linux] Failed to read i2c device PCI device ID
1015  |Info:    Registering I2C interface: /dev/i2c-14 Device 0000:0000 Subsystem: 0000:0000
1015  |Info:    Registering I2C interface: /dev/i2c-5 Device 8086:A7A0 Subsystem: 1043:214D
1015  |Warning: [i2c_smbus_linux] Failed to read i2c device PCI device ID
1015  |Info:    Registering I2C interface: /dev/i2c-12 Device 0000:0000 Subsystem: 0000:0000
1015  |Info:    ------------------------------------------------------
1015  |Info:    |               Detecting I2C devices                |
1015  |Info:    ------------------------------------------------------
1048  |Info:    ------------------------------------------------------
1048  |Info:    |               Detecting I2C PCI devices            |
1048  |Info:    ------------------------------------------------------
1049  |Info:    ------------------------------------------------------
1049  |Info:    |               Detecting HID devices                |
1049  |Info:    ------------------------------------------------------
1101  |Info:    [ViewSonic Monitor XG270QG] Registering RGB controller
1153  |Info:    [ViewSonic Monitor XG270QG] Registering RGB controller
1153  |Info:    [ViewSonic Monitor XG270QG] Registering RGB controller
1154  |Info:    [ViewSonic Monitor XG270QG] Registering RGB controller
1154  |Info:    [ViewSonic Monitor XG270QG] Registering RGB controller
1154  |Info:    [ViewSonic Monitor XG270QG] Registering RGB controller
1154  |Info:    [ViewSonic Monitor XG270QG] Registering RGB controller
1155  |Info:    [ViewSonic Monitor XG270QG] Registering RGB controller
1155  |Info:    ------------------------------------------------------
1155  |Info:    |            Detecting libusb HID devices            |
1155  |Info:    ------------------------------------------------------
