    OpenRGB v0.9
    Commit:  from 
    Launched: 20250511_155613
====================================================================================================

0     |Info:    Found file: off.orp attempting to validate header
0     |Info:    Valid v4 profile found for off
5007  |Info:    ------------------------------------------------------
5007  |Info:    |               Start device detection               |
5007  |Info:    ------------------------------------------------------
5008  |Info:    Initializing HID interfaces: Success
5016  |Info:    ------------------------------------------------------
5016  |Info:    |             Detecting I2C interfaces               |
5016  |Info:    ------------------------------------------------------
5016  |Info:    Registering I2C interface: /dev/i2c-3 Device 8086:A7A0 Subsystem: 1043:214D
5016  |Info:    Registering I2C interface: /dev/i2c-10 Device 8086:A7A0 Subsystem: 1043:214D
5016  |Info:    Registering I2C interface: /dev/i2c-1 Device 10DE:28E1 Subsystem: 1043:214D
5016  |Info:    Registering I2C interface: /dev/i2c-17 Device 0000:0000 Subsystem: 0000:0000
5017  |Info:    Registering I2C interface: /dev/i2c-8 Device 8086:A7A0 Subsystem: 1043:214D
5017  |Info:    Registering I2C interface: /dev/i2c-ELAN9008:00 Device 0000:0000 Subsystem: 0000:0000
5017  |Info:    Registering I2C interface: /dev/i2c-6 Device 8086:A7A0 Subsystem: 1043:214D
5017  |Warning: [i2c_smbus_linux] Failed to read i2c device PCI device ID
5017  |Info:    Registering I2C interface: /dev/i2c-13 Device 0000:0000 Subsystem: 0000:0000
5017  |Info:    Registering I2C interface: /dev/i2c-4 Device 8086:A7A0 Subsystem: 1043:214D
5017  |Info:    Registering I2C interface: /dev/i2c-11 Device 8086:A7A0 Subsystem: 1043:214D
5017  |Info:    Registering I2C interface: /dev/i2c-2 Device 10DE:28E1 Subsystem: 1043:214D
5017  |Info:    Registering I2C interface: /dev/i2c-0 Device 10DE:28E1 Subsystem: 1043:214D
5017  |Info:    Registering I2C interface: /dev/i2c-18 Device 8086:51A3 Subsystem: 1043:1573
5017  |Info:    Registering I2C interface: /dev/i2c-9 Device 8086:A7A0 Subsystem: 1043:214D
5017  |Info:    Registering I2C interface: /dev/i2c-OVTI13B1:00 Device 0000:0000 Subsystem: 0000:0000
5017  |Info:    Registering I2C interface: /dev/i2c-7 Device 8086:A7A0 Subsystem: 1043:214D
5017  |Warning: [i2c_smbus_linux] Failed to read i2c device PCI device ID
5017  |Info:    Registering I2C interface: /dev/i2c-14 Device 0000:0000 Subsystem: 0000:0000
5017  |Info:    Registering I2C interface: /dev/i2c-5 Device 8086:A7A0 Subsystem: 1043:214D
5017  |Warning: [i2c_smbus_linux] Failed to read i2c device PCI device ID
5018  |Info:    Registering I2C interface: /dev/i2c-12 Device 0000:0000 Subsystem: 0000:0000
5018  |Info:    ------------------------------------------------------
5018  |Info:    |               Detecting I2C devices                |
5018  |Info:    ------------------------------------------------------
5052  |Info:    ------------------------------------------------------
5052  |Info:    |               Detecting I2C PCI devices            |
5052  |Info:    ------------------------------------------------------
5054  |Info:    ------------------------------------------------------
5054  |Info:    |               Detecting HID devices                |
5054  |Info:    ------------------------------------------------------
5055  |Info:    [ViewSonic Monitor XG270QG] Registering RGB controller
5056  |Info:    [ViewSonic Monitor XG270QG] Registering RGB controller
5057  |Info:    [ViewSonic Monitor XG270QG] Registering RGB controller
5057  |Info:    [ViewSonic Monitor XG270QG] Registering RGB controller
5058  |Info:    [ViewSonic Monitor XG270QG] Registering RGB controller
5059  |Info:    [ViewSonic Monitor XG270QG] Registering RGB controller
5059  |Info:    [ViewSonic Monitor XG270QG] Registering RGB controller
5060  |Info:    [ViewSonic Monitor XG270QG] Registering RGB controller
5060  |Info:    ------------------------------------------------------
5060  |Info:    |            Detecting libusb HID devices            |
5060  |Info:    ------------------------------------------------------
5073  |Info:    ------------------------------------------------------
5074  |Info:    |              Detecting other devices               |
5074  |Info:    ------------------------------------------------------
5078  |Info:    ------------------------------------------------------
5078  |Info:    |                Detection completed                 |
5078  |Info:    ------------------------------------------------------
5078  |Dialog:  <h2>WARNING:</h2><p>One or more I2C/SMBus interfaces failed to initialize.</p><p>RGB DRAM modules and some motherboards' onboard RGB lighting will not be available without I2C/SMBus.</p><p>On Linux, this is usually because the i2c-dev module is not loaded.  You must load the i2c-dev module along with the correct i2c driver for your motherboard.  This is usually i2c-piix4 for AMD systems and i2c-i801 for Intel systems.</p><p>See <a href='https://help.openrgb.org/'>help.openrgb.org</a> for additional troubleshooting steps if you keep seeing this message.<br></p>
