    OpenRGB v0.9
    Commit:  from 
    Launched: 20250428_230348
====================================================================================================

0     |Info:    Found file: off.orp attempting to validate header
0     |Info:    Valid v4 profile found for off
1014  |Info:    ------------------------------------------------------
1014  |Info:    |               Start device detection               |
1014  |Info:    ------------------------------------------------------
1015  |Info:    Initializing HID interfaces: Success
1049  |Info:    ------------------------------------------------------
1049  |Info:    |             Detecting I2C interfaces               |
1049  |Info:    ------------------------------------------------------
1050  |Info:    Registering I2C interface: /dev/i2c-3 Device 8086:A7A0 Subsystem: 1043:214D
1050  |Info:    Registering I2C interface: /dev/i2c-20 Device 0000:0000 Subsystem: 0000:0000
1050  |Info:    Registering I2C interface: /dev/i2c-10 Device 8086:A7A0 Subsystem: 1043:214D
1051  |Info:    Registering I2C interface: /dev/i2c-1 Device 10DE:28E1 Subsystem: 1043:214D
1052  |Info:    Registering I2C interface: /dev/i2c-19 Device 0000:0000 Subsystem: 0000:0000
1052  |Info:    Registering I2C interface: /dev/i2c-17 Device 0000:0000 Subsystem: 0000:0000
1053  |Info:    Registering I2C interface: /dev/i2c-8 Device 8086:A7A0 Subsystem: 1043:214D
1053  |Info:    Registering I2C interface: /dev/i2c-ELAN9008:00 Device 0000:0000 Subsystem: 0000:0000
1053  |Info:    Registering I2C interface: /dev/i2c-6 Device 8086:A7A0 Subsystem: 1043:214D
1053  |Warning: [i2c_smbus_linux] Failed to read i2c device PCI device ID
1054  |Info:    Registering I2C interface: /dev/i2c-13 Device 0000:0000 Subsystem: 0000:0000
1054  |Info:    Registering I2C interface: /dev/i2c-4 Device 8086:A7A0 Subsystem: 1043:214D
1055  |Info:    Registering I2C interface: /dev/i2c-11 Device 8086:A7A0 Subsystem: 1043:214D
1056  |Info:    Registering I2C interface: /dev/i2c-2 Device 10DE:28E1 Subsystem: 1043:214D
1056  |Info:    Registering I2C interface: /dev/i2c-0 Device 10DE:28E1 Subsystem: 1043:214D
1057  |Info:    Registering I2C interface: /dev/i2c-18 Device 8086:51A3 Subsystem: 1043:1573
1057  |Info:    Registering I2C interface: /dev/i2c-9 Device 8086:A7A0 Subsystem: 1043:214D
1057  |Info:    Registering I2C interface: /dev/i2c-OVTI13B1:00 Device 0000:0000 Subsystem: 0000:0000
1058  |Info:    Registering I2C interface: /dev/i2c-7 Device 8086:A7A0 Subsystem: 1043:214D
1058  |Warning: [i2c_smbus_linux] Failed to read i2c device PCI device ID
1058  |Info:    Registering I2C interface: /dev/i2c-14 Device 0000:0000 Subsystem: 0000:0000
1059  |Info:    Registering I2C interface: /dev/i2c-5 Device 8086:A7A0 Subsystem: 1043:214D
1059  |Warning: [i2c_smbus_linux] Failed to read i2c device PCI device ID
1059  |Info:    Registering I2C interface: /dev/i2c-12 Device 0000:0000 Subsystem: 0000:0000
1059  |Info:    ------------------------------------------------------
1059  |Info:    |               Detecting I2C devices                |
1059  |Info:    ------------------------------------------------------
1110  |Info:    ------------------------------------------------------
1110  |Info:    |               Detecting I2C PCI devices            |
1110  |Info:    ------------------------------------------------------
1114  |Info:    ------------------------------------------------------
1114  |Info:    |               Detecting HID devices                |
1114  |Info:    ------------------------------------------------------
1168  |Info:    [Logitech G915 Wireless RGB Mechanical Gaming Keyboard] Registering RGB controller
1221  |Info:    [ViewSonic Monitor XG270QG] Registering RGB controller
1275  |Info:    [ViewSonic Monitor XG270QG] Registering RGB controller
1277  |Info:    [ViewSonic Monitor XG270QG] Registering RGB controller
1279  |Info:    [ViewSonic Monitor XG270QG] Registering RGB controller
1280  |Info:    [ViewSonic Monitor XG270QG] Registering RGB controller
1282  |Info:    [ViewSonic Monitor XG270QG] Registering RGB controller
1283  |Info:    [ViewSonic Monitor XG270QG] Registering RGB controller
1285  |Info:    [ViewSonic Monitor XG270QG] Registering RGB controller
1285  |Info:    ------------------------------------------------------
1285  |Info:    |            Detecting libusb HID devices            |
1285  |Info:    ------------------------------------------------------
1339  |Info:    ------------------------------------------------------
1339  |Info:    |              Detecting other devices               |
1339  |Info:    ------------------------------------------------------
1363  |Info:    ------------------------------------------------------
1363  |Info:    |                Detection completed                 |
1363  |Info:    ------------------------------------------------------
1363  |Dialog:  <h2>WARNING:</h2><p>One or more I2C/SMBus interfaces failed to initialize.</p><p>RGB DRAM modules and some motherboards' onboard RGB lighting will not be available without I2C/SMBus.</p><p>On Linux, this is usually because the i2c-dev module is not loaded.  You must load the i2c-dev module along with the correct i2c driver for your motherboard.  This is usually i2c-piix4 for AMD systems and i2c-i801 for Intel systems.</p><p>See <a href='https://help.openrgb.org/'>help.openrgb.org</a> for additional troubleshooting steps if you keep seeing this message.<br></p>
