[2025-Jan-08 16:39:26.773 +01:00][ 6742: 6742][info ] Logging initialized
[2025-Jan-08 16:39:26.773 +01:00][ 6742: 6742][info ] Initializing krisp SDK...
[2025-Jan-08 16:39:26.773 +01:00][ 6742: 6742][info ] DoKrispInitialize
[2025-Jan-08 16:39:27.077 +01:00][ 6742: 6742][info ] LoadDynamicKrisp
[2025-Jan-08 16:39:27.077 +01:00][ 6742: 6742][info ] Did not find KRISP_DYLIB_PATH, skipping dynamic loading
[2025-Jan-08 16:39:27.077 +01:00][ 6742: 6742][info ] Initializing Krisp SDK in PID 6742, addr 0x7be6c61906f0
[2025-Jan-08 16:39:27.243 +01:00][ 6742: 6742][info ] Initialized Krisp SDK successfully
[2025-Jan-08 16:39:27.243 +01:00][ 6742: 6742][info ] Krisp SDK initialized
[2025-Feb-17 11:08:23.254 +01:00][  148:  148][info ] Logging initialized
[2025-Feb-17 11:08:23.254 +01:00][  148:  148][info ] Initializing krisp SDK...
[2025-Feb-17 11:08:23.254 +01:00][  148:  148][info ] DoKrispInitialize
[2025-Feb-17 11:08:23.984 +01:00][  148:  148][info ] LoadDynamicKrisp
[2025-Feb-17 11:08:23.984 +01:00][  148:  148][info ] Did not find KRISP_DYLIB_PATH, skipping dynamic loading
[2025-Feb-17 11:08:23.984 +01:00][  148:  148][info ] Initializing Krisp SDK in PID 148, addr 0x7a6a651906f0
[2025-Feb-17 11:08:24.396 +01:00][  148:  148][info ] Initialized Krisp SDK successfully
[2025-Feb-17 11:08:24.396 +01:00][  148:  148][info ] Krisp SDK initialized
[2025-Feb-17 11:09:28.593 +01:00][  147:  147][info ] Logging initialized
[2025-Feb-17 11:09:28.593 +01:00][  147:  147][info ] Initializing krisp SDK...
[2025-Feb-17 11:09:28.593 +01:00][  147:  147][info ] DoKrispInitialize
[2025-Feb-17 11:09:29.379 +01:00][  147:  147][info ] LoadDynamicKrisp
[2025-Feb-17 11:09:29.379 +01:00][  147:  147][info ] Did not find KRISP_DYLIB_PATH, skipping dynamic loading
[2025-Feb-17 11:09:29.379 +01:00][  147:  147][info ] Initializing Krisp SDK in PID 147, addr 0x70428ab906f0
[2025-Feb-17 11:09:29.773 +01:00][  147:  147][info ] Initialized Krisp SDK successfully
[2025-Feb-17 11:09:29.773 +01:00][  147:  147][info ] Krisp SDK initialized
[2025-Feb-17 11:42:50.713 +01:00][  147:  147][info ] Logging initialized
[2025-Feb-17 11:42:50.713 +01:00][  147:  147][info ] Initializing krisp SDK...
[2025-Feb-17 11:42:50.713 +01:00][  147:  147][info ] DoKrispInitialize
[2025-Feb-17 11:42:51.413 +01:00][  147:  147][info ] LoadDynamicKrisp
[2025-Feb-17 11:42:51.413 +01:00][  147:  147][info ] Did not find KRISP_DYLIB_PATH, skipping dynamic loading
[2025-Feb-17 11:42:51.413 +01:00][  147:  147][info ] Initializing Krisp SDK in PID 147, addr 0x7670edb906f0
[2025-Feb-17 11:42:51.816 +01:00][  147:  147][info ] Initialized Krisp SDK successfully
[2025-Feb-17 11:42:51.816 +01:00][  147:  147][info ] Krisp SDK initialized
[2025-Feb-17 13:06:19.723 +01:00][  147:  147][info ] Logging initialized
[2025-Feb-17 13:06:19.723 +01:00][  147:  147][info ] Initializing krisp SDK...
[2025-Feb-17 13:06:19.723 +01:00][  147:  147][info ] DoKrispInitialize
[2025-Feb-17 13:06:20.442 +01:00][  147:  147][info ] LoadDynamicKrisp
[2025-Feb-17 13:06:20.442 +01:00][  147:  147][info ] Did not find KRISP_DYLIB_PATH, skipping dynamic loading
[2025-Feb-17 13:06:20.442 +01:00][  147:  147][info ] Initializing Krisp SDK in PID 147, addr 0x7040f4b906f0
[2025-Feb-17 13:06:20.866 +01:00][  147:  147][info ] Initialized Krisp SDK successfully
[2025-Feb-17 13:06:20.866 +01:00][  147:  147][info ] Krisp SDK initialized
[2025-Feb-18 09:32:58.502 +01:00][  147:  147][info ] Logging initialized
[2025-Feb-18 09:32:58.502 +01:00][  147:  147][info ] Initializing krisp SDK...
[2025-Feb-18 09:32:58.502 +01:00][  147:  147][info ] DoKrispInitialize
[2025-Feb-18 09:32:59.236 +01:00][  147:  147][info ] LoadDynamicKrisp
[2025-Feb-18 09:32:59.236 +01:00][  147:  147][info ] Did not find KRISP_DYLIB_PATH, skipping dynamic loading
[2025-Feb-18 09:32:59.236 +01:00][  147:  147][info ] Initializing Krisp SDK in PID 147, addr 0x704b51d906f0
[2025-Feb-18 09:32:59.654 +01:00][  147:  147][info ] Initialized Krisp SDK successfully
[2025-Feb-18 09:32:59.654 +01:00][  147:  147][info ] Krisp SDK initialized
[2025-Feb-24 11:30:54.188 +01:00][  149:  149][info ] Logging initialized
[2025-Feb-24 11:30:54.188 +01:00][  149:  149][info ] Initializing krisp SDK...
[2025-Feb-24 11:30:54.188 +01:00][  149:  149][info ] DoKrispInitialize
[2025-Feb-24 11:30:55.054 +01:00][  149:  149][info ] LoadDynamicKrisp
[2025-Feb-24 11:30:55.054 +01:00][  149:  149][info ] Did not find KRISP_DYLIB_PATH, skipping dynamic loading
[2025-Feb-24 11:30:55.054 +01:00][  149:  149][info ] Initializing Krisp SDK in PID 149, addr 0x77b7d57908f0
[2025-Feb-24 11:30:55.450 +01:00][  149:  149][info ] Initialized Krisp SDK successfully
[2025-Feb-24 11:30:55.450 +01:00][  149:  149][info ] Krisp SDK initialized
[2025-Mar-03 18:30:29.276 +01:00][41365:41365][info ] Logging initialized
[2025-Mar-03 18:30:29.276 +01:00][41365:41365][info ] Initializing krisp SDK...
[2025-Mar-03 18:30:29.276 +01:00][41365:41365][info ] DoKrispInitialize
[2025-Mar-03 18:30:30.048 +01:00][41365:41365][info ] LoadDynamicKrisp
[2025-Mar-03 18:30:30.048 +01:00][41365:41365][info ] Did not find KRISP_DYLIB_PATH, skipping dynamic loading
[2025-Mar-03 18:30:30.048 +01:00][41365:41365][info ] Initializing Krisp SDK in PID 41365, addr 0x7b117a7908f0
[2025-Mar-03 18:30:30.434 +01:00][41365:41365][info ] Initialized Krisp SDK successfully
[2025-Mar-03 18:30:30.434 +01:00][41365:41365][info ] Krisp SDK initialized
[2025-Mar-07 16:48:57.710 +01:00][  154:  154][info ] Logging initialized
[2025-Mar-07 16:48:57.710 +01:00][  154:  154][info ] Initializing krisp SDK...
[2025-Mar-07 16:48:57.710 +01:00][  154:  154][info ] DoKrispInitialize
[2025-Mar-07 16:48:57.986 +01:00][  154:  154][info ] LoadDynamicKrisp
[2025-Mar-07 16:48:57.986 +01:00][  154:  154][info ] Did not find KRISP_DYLIB_PATH, skipping dynamic loading
[2025-Mar-07 16:48:57.986 +01:00][  154:  154][info ] Initializing Krisp SDK in PID 154, addr 0x73638a3908f0
[2025-Mar-07 16:48:58.128 +01:00][  154:  154][info ] Initialized Krisp SDK successfully
[2025-Mar-07 16:48:58.128 +01:00][  154:  154][info ] Krisp SDK initialized
[2025-Mar-07 16:50:51.038 +01:00][  154:  200][info ] KrispNCSetup: sampleRate = 48000, duration = 10
[2025-Mar-07 16:50:51.038 +01:00][  154:  200][info ] Setting Krisp model: full_NC
[2025-Mar-07 16:50:51.051 +01:00][  154:  200][info ] KrispVADSetup: sampleRate = 48000, duration = 10
[2025-Mar-07 16:51:24.255 +01:00][  154:  200][info ] KrispVADSetup: sampleRate = 48000, duration = 10
[2025-Mar-07 16:51:36.856 +01:00][  154:  181][info ] KrispVADReset
[2025-Mar-07 16:51:41.472 +01:00][  154:  200][info ] KrispVADSetup: sampleRate = 48000, duration = 10
[2025-Mar-07 16:52:35.395 +01:00][  154:  181][info ] KrispVADReset
[2025-Mar-07 16:52:41.141 +01:00][  154:  200][info ] KrispVADSetup: sampleRate = 48000, duration = 10
[2025-Mar-07 16:52:43.017 +01:00][  154:  181][info ] KrispVADReset
[2025-Mar-07 16:52:43.019 +01:00][  154:  200][info ] KrispVADSetup: sampleRate = 48000, duration = 10
[2025-Mar-07 16:52:44.489 +01:00][  154:  181][info ] KrispVADReset
[2025-Mar-07 16:52:44.491 +01:00][  154:  200][info ] KrispVADSetup: sampleRate = 48000, duration = 10
[2025-Mar-07 16:53:13.305 +01:00][  154:  181][info ] KrispVADReset
[2025-Mar-07 17:33:38.096 +01:00][  154:  200][info ] KrispVADSetup: sampleRate = 48000, duration = 10
[2025-Mar-07 17:33:42.365 +01:00][  154:  181][info ] KrispVADReset
[2025-Mar-07 17:34:36.806 +01:00][  154:  200][info ] KrispVADSetup: sampleRate = 48000, duration = 10
[2025-Mar-07 17:34:41.487 +01:00][  154:  181][info ] KrispVADReset
[2025-Mar-07 17:34:41.521 +01:00][  154:  200][info ] KrispVADSetup: sampleRate = 48000, duration = 10
[2025-Mar-07 17:34:42.537 +01:00][  154:  181][info ] KrispVADReset
[2025-Mar-07 17:34:42.545 +01:00][  154:  200][info ] KrispVADSetup: sampleRate = 48000, duration = 10
[2025-Mar-07 17:34:45.970 +01:00][  154:  181][info ] KrispVADReset
[2025-Mar-07 17:40:42.498 +01:00][  154:  181][info ] KrispVADReset
[2025-Mar-07 17:40:45.581 +01:00][  154:  200][info ] KrispVADSetup: sampleRate = 48000, duration = 10
[2025-Mar-09 17:13:58.828 +01:00][  154:  154][info ] Logging initialized
[2025-Mar-09 17:13:58.828 +01:00][  154:  154][info ] Initializing krisp SDK...
[2025-Mar-09 17:13:58.828 +01:00][  154:  154][info ] DoKrispInitialize
[2025-Mar-09 17:13:59.533 +01:00][  154:  154][info ] LoadDynamicKrisp
[2025-Mar-09 17:13:59.533 +01:00][  154:  154][info ] Did not find KRISP_DYLIB_PATH, skipping dynamic loading
[2025-Mar-09 17:13:59.533 +01:00][  154:  154][info ] Initializing Krisp SDK in PID 154, addr 0x779d0ed908f0
[2025-Mar-09 17:13:59.966 +01:00][  154:  154][info ] Initialized Krisp SDK successfully
[2025-Mar-09 17:13:59.966 +01:00][  154:  154][info ] Krisp SDK initialized
[2025-Mar-09 18:48:00.342 +01:00][  153:  153][info ] Logging initialized
[2025-Mar-09 18:48:00.342 +01:00][  153:  153][info ] Initializing krisp SDK...
[2025-Mar-09 18:48:00.342 +01:00][  153:  153][info ] DoKrispInitialize
[2025-Mar-09 18:48:00.594 +01:00][  153:  153][info ] LoadDynamicKrisp
[2025-Mar-09 18:48:00.594 +01:00][  153:  153][info ] Did not find KRISP_DYLIB_PATH, skipping dynamic loading
[2025-Mar-09 18:48:00.594 +01:00][  153:  153][info ] Initializing Krisp SDK in PID 153, addr 0x73c4945908f0
[2025-Mar-09 18:48:00.737 +01:00][  153:  153][info ] Initialized Krisp SDK successfully
[2025-Mar-09 18:48:00.737 +01:00][  153:  153][info ] Krisp SDK initialized
[2025-Mar-15 22:22:12.097 +01:00][15156:15156][info ] Logging initialized
[2025-Mar-15 22:22:12.097 +01:00][15156:15156][info ] Initializing krisp SDK...
[2025-Mar-15 22:22:12.097 +01:00][15156:15156][info ] DoKrispInitialize
[2025-Mar-15 22:22:12.431 +01:00][15156:15156][info ] LoadDynamicKrisp
[2025-Mar-15 22:22:12.431 +01:00][15156:15156][info ] Did not find KRISP_DYLIB_PATH, skipping dynamic loading
[2025-Mar-15 22:22:12.431 +01:00][15156:15156][info ] Initializing Krisp SDK in PID 15156, addr 0x7366223908f0
[2025-Mar-15 22:22:12.596 +01:00][15156:15156][info ] Initialized Krisp SDK successfully
[2025-Mar-15 22:22:12.596 +01:00][15156:15156][info ] Krisp SDK initialized
[2025-Mar-16 13:52:33.619 +01:00][184395:184395][info ] Logging initialized
[2025-Mar-16 13:52:33.619 +01:00][184395:184395][info ] Initializing krisp SDK...
[2025-Mar-16 13:52:33.619 +01:00][184395:184395][info ] DoKrispInitialize
[2025-Mar-16 13:52:33.946 +01:00][184395:184395][info ] LoadDynamicKrisp
[2025-Mar-16 13:52:33.946 +01:00][184395:184395][info ] Did not find KRISP_DYLIB_PATH, skipping dynamic loading
[2025-Mar-16 13:52:33.946 +01:00][184395:184395][info ] Initializing Krisp SDK in PID 184395, addr 0x705546b908f0
[2025-Mar-16 13:52:34.123 +01:00][184395:184395][info ] Initialized Krisp SDK successfully
[2025-Mar-16 13:52:34.123 +01:00][184395:184395][info ] Krisp SDK initialized
